# JRE version: OpenJDK Runtime Environment Temurin-21.0.7+6 (21.0.7+6) (build 21.0.7+6-LTS)
# Java VM: OpenJDK 64-Bit Server VM Temurin-21.0.7+6 (21.0.7+6-LTS, mixed mode, sharing, tiered, compressed oops, compressed class ptrs, g1 gc, windows-amd64)
GC Precious Log:
 CardTable entry size: 512
 Card Set container configuration: InlinePtr #cards 4 size 8 Array Of Cards #cards 32 size 80 Howl #buckets 8 coarsen threshold 7372 Howl Bitmap #cards 1024 size 144 coarsen threshold 921 Card regions per heap region 1 cards per card region 8192
 CPUs: 8 total, 8 available
 Memory: 16315M
 Large Page Support: Disabled
 NUMA Support: Disabled
 Compressed Oops: Enabled (Zero based)
 Heap Region Size: 4M
 Heap Min Capacity: 8M
 Heap Initial Capacity: 256M
 Heap Max Capacity: 8G
 Pre-touch: Disabled
 Parallel Workers: 8
 Concurrent Workers: 2
 Concurrent Refinement Workers: 8
 Periodic GC: Disabled
Heap:
 garbage-first heap   total 356352K, used 232791K [0x0000000600000000, 0x0000000800000000)
  region size 4096K, 8 young (32768K), 4 survivors (16384K)
 Metaspace       used 113894K, committed 116672K, reserved 1179648K
  class space    used 15740K, committed 17088K, reserved 1048576K
GC Heap History (20 events):
Event: 59.368 GC heap before
{Heap before GC invocations=51 (full 0):
 garbage-first heap   total 282624K, used 242118K [0x0000000600000000, 0x0000000800000000)
  region size 4096K, 26 young (106496K), 2 survivors (8192K)
 Metaspace       used 112738K, committed 115392K, reserved 1179648K
  class space    used 15640K, committed 16960K, reserved 1048576K
}
Event: 59.380 GC heap after
{Heap after GC invocations=52 (full 0):
 garbage-first heap   total 282624K, used 159624K [0x0000000600000000, 0x0000000800000000)
  region size 4096K, 4 young (16384K), 4 survivors (16384K)
 Metaspace       used 112738K, committed 115392K, reserved 1179648K
  class space    used 15640K, committed 16960K, reserved 1048576K
}
Event: 60.199 GC heap before
{Heap before GC invocations=52 (full 0):
 garbage-first heap   total 282624K, used 245640K [0x0000000600000000, 0x0000000800000000)
  region size 4096K, 26 young (106496K), 4 survivors (16384K)
 Metaspace       used 112738K, committed 115392K, reserved 1179648K
  class space    used 15640K, committed 16960K, reserved 1048576K
}
Event: 60.214 GC heap after
{Heap after GC invocations=53 (full 0):
 garbage-first heap   total 282624K, used 161374K [0x0000000600000000, 0x0000000800000000)
  region size 4096K, 2 young (8192K), 2 survivors (8192K)
 Metaspace       used 112738K, committed 115392K, reserved 1179648K
  class space    used 15640K, committed 16960K, reserved 1048576K
}
Event: 60.724 GC heap before
{Heap before GC invocations=53 (full 0):
 garbage-first heap   total 282624K, used 185950K [0x0000000600000000, 0x0000000800000000)
  region size 4096K, 9 young (36864K), 2 survivors (8192K)
 Metaspace       used 112937K, committed 115648K, reserved 1179648K
  class space    used 15657K, committed 17024K, reserved 1048576K
}
Event: 60.730 GC heap after
{Heap after GC invocations=54 (full 0):
 garbage-first heap   total 282624K, used 167931K [0x0000000600000000, 0x0000000800000000)
  region size 4096K, 3 young (12288K), 3 survivors (12288K)
 Metaspace       used 112937K, committed 115648K, reserved 1179648K
  class space    used 15657K, committed 17024K, reserved 1048576K
}
Event: 61.660 GC heap before
{Heap before GC invocations=55 (full 0):
 garbage-first heap   total 294912K, used 249851K [0x0000000600000000, 0x0000000800000000)
  region size 4096K, 22 young (90112K), 3 survivors (12288K)
 Metaspace       used 113128K, committed 115840K, reserved 1179648K
  class space    used 15670K, committed 17024K, reserved 1048576K
}
Event: 61.671 GC heap after
{Heap after GC invocations=56 (full 0):
 garbage-first heap   total 294912K, used 180350K [0x0000000600000000, 0x0000000800000000)
  region size 4096K, 3 young (12288K), 3 survivors (12288K)
 Metaspace       used 113128K, committed 115840K, reserved 1179648K
  class space    used 15670K, committed 17024K, reserved 1048576K
}
Event: 62.098 GC heap before
{Heap before GC invocations=56 (full 0):
 garbage-first heap   total 294912K, used 254078K [0x0000000600000000, 0x0000000800000000)
  region size 4096K, 22 young (90112K), 3 survivors (12288K)
 Metaspace       used 113129K, committed 115840K, reserved 1179648K
  class space    used 15670K, committed 17024K, reserved 1048576K
}
Event: 62.110 GC heap after
{Heap after GC invocations=57 (full 0):
 garbage-first heap   total 294912K, used 180828K [0x0000000600000000, 0x0000000800000000)
  region size 4096K, 2 young (8192K), 2 survivors (8192K)
 Metaspace       used 113129K, committed 115840K, reserved 1179648K
  class space    used 15670K, committed 17024K, reserved 1048576K
}
Event: 62.559 GC heap before
{Heap before GC invocations=57 (full 0):
 garbage-first heap   total 294912K, used 213596K [0x0000000600000000, 0x0000000800000000)
  region size 4096K, 12 young (49152K), 2 survivors (8192K)
 Metaspace       used 113239K, committed 115968K, reserved 1179648K
  class space    used 15680K, committed 17024K, reserved 1048576K
}
Event: 62.567 GC heap after
{Heap after GC invocations=58 (full 0):
 garbage-first heap   total 356352K, used 188416K [0x0000000600000000, 0x0000000800000000)
  region size 4096K, 3 young (12288K), 3 survivors (12288K)
 Metaspace       used 113239K, committed 115968K, reserved 1179648K
  class space    used 15680K, committed 17024K, reserved 1048576K
}
Event: 64.036 GC heap before
{Heap before GC invocations=58 (full 0):
 garbage-first heap   total 356352K, used 299008K [0x0000000600000000, 0x0000000800000000)
  region size 4096K, 29 young (118784K), 3 survivors (12288K)
 Metaspace       used 113426K, committed 116096K, reserved 1179648K
  class space    used 15693K, committed 17024K, reserved 1048576K
}
Event: 64.051 GC heap after
{Heap after GC invocations=59 (full 0):
 garbage-first heap   total 356352K, used 200808K [0x0000000600000000, 0x0000000800000000)
  region size 4096K, 3 young (12288K), 3 survivors (12288K)
 Metaspace       used 113426K, committed 116096K, reserved 1179648K
  class space    used 15693K, committed 17024K, reserved 1048576K
}
Event: 65.052 GC heap before
{Heap before GC invocations=59 (full 0):
 garbage-first heap   total 356352K, used 299112K [0x0000000600000000, 0x0000000800000000)
  region size 4096K, 28 young (114688K), 3 survivors (12288K)
 Metaspace       used 113652K, committed 116416K, reserved 1179648K
  class space    used 15712K, committed 17088K, reserved 1048576K
}
Event: 65.061 GC heap after
{Heap after GC invocations=60 (full 0):
 garbage-first heap   total 356352K, used 205949K [0x0000000600000000, 0x0000000800000000)
  region size 4096K, 3 young (12288K), 3 survivors (12288K)
 Metaspace       used 113652K, committed 116416K, reserved 1179648K
  class space    used 15712K, committed 17088K, reserved 1048576K
}
Event: 65.587 GC heap before
{Heap before GC invocations=60 (full 0):
 garbage-first heap   total 356352K, used 304253K [0x0000000600000000, 0x0000000800000000)
  region size 4096K, 28 young (114688K), 3 survivors (12288K)
 Metaspace       used 113655K, committed 116416K, reserved 1179648K
  class space    used 15712K, committed 17088K, reserved 1048576K
}
Event: 65.596 GC heap after
{Heap after GC invocations=61 (full 0):
 garbage-first heap   total 356352K, used 208592K [0x0000000600000000, 0x0000000800000000)
  region size 4096K, 2 young (8192K), 2 survivors (8192K)
 Metaspace       used 113655K, committed 116416K, reserved 1179648K
  class space    used 15712K, committed 17088K, reserved 1048576K
}
Event: 67.345 GC heap before
{Heap before GC invocations=61 (full 0):
 garbage-first heap   total 356352K, used 310992K [0x0000000600000000, 0x0000000800000000)
  region size 4096K, 28 young (114688K), 2 survivors (8192K)
 Metaspace       used 113894K, committed 116672K, reserved 1179648K
  class space    used 15740K, committed 17088K, reserved 1048576K
}
Event: 67.355 GC heap after
{Heap after GC invocations=62 (full 0):
 garbage-first heap   total 356352K, used 220503K [0x0000000600000000, 0x0000000800000000)
  region size 4096K, 4 young (16384K), 4 survivors (16384K)
 Metaspace       used 113894K, committed 116672K, reserved 1179648K
  class space    used 15740K, committed 17088K, reserved 1048576K
}

