# JRE version: OpenJDK Runtime Environment Temurin-21.0.11+10 (21.0.11+10) (build 21.0.11+10-LTS)
# Java VM: OpenJDK 64-Bit Server VM Temurin-21.0.11+10 (21.0.11+10-LTS, mixed mode, sharing, tiered, compressed oops, compressed class ptrs, parallel gc, windows-amd64)
GC Precious Log:
 CardTable entry size: 512
 CPUs: 8 total, 8 available
 Memory: 16315M
 Large Page Support: Disabled
 NUMA Support: Disabled
 Compressed Oops: Enabled (32-bit)
 Alignments: Space 512K, Generation 512K, Heap 2M
 Heap Min Capacity: 100M
 Heap Initial Capacity: 100M
 Heap Max Capacity: 2G
 Pre-touch: Disabled
 Parallel Workers: 8
Heap:
 PSYoungGen      total 19456K, used 9798K [0x00000000d5580000, 0x00000000d6c00000, 0x0000000100000000)
  eden space 18432K, 47% used [0x00000000d5580000,0x00000000d5e1d8c8,0x00000000d6780000)
  from space 1024K, 95% used [0x00000000d6a00000,0x00000000d6af4020,0x00000000d6b00000)
  to   space 1024K, 0% used [0x00000000d6b00000,0x00000000d6b00000,0x00000000d6c00000)
 ParOldGen       total 68608K, used 55485K [0x0000000080000000, 0x0000000084300000, 0x00000000d5580000)
  object space 68608K, 80% used [0x0000000080000000,0x000000008362f7c8,0x0000000084300000)
 Metaspace       used 68274K, committed 69824K, reserved 1114112K
  class space    used 8897K, committed 9600K, reserved 1048576K
GC Heap History (20 events):
Event: 14.610 GC heap before
{Heap before GC invocations=43 (full 3):
 PSYoungGen      total 18944K, used 18912K [0x00000000d5580000, 0x00000000d6d80000, 0x0000000100000000)
  eden space 18432K, 100% used [0x00000000d5580000,0x00000000d6780000,0x00000000d6780000)
  from space 512K, 93% used [0x00000000d6c80000,0x00000000d6cf8000,0x00000000d6d00000)
  to   space 512K, 0% used [0x00000000d6d00000,0x00000000d6d00000,0x00000000d6d80000)
 ParOldGen       total 68608K, used 52423K [0x0000000080000000, 0x0000000084300000, 0x00000000d5580000)
  object space 68608K, 76% used [0x0000000080000000,0x0000000083331f80,0x0000000084300000)
 Metaspace       used 65079K, committed 66624K, reserved 1114112K
  class space    used 8444K, committed 9088K, reserved 1048576K
}
Event: 14.611 GC heap after
{Heap after GC invocations=43 (full 3):
 PSYoungGen      total 18944K, used 177K [0x00000000d5580000, 0x00000000d6d80000, 0x0000000100000000)
  eden space 18432K, 0% used [0x00000000d5580000,0x00000000d5580000,0x00000000d6780000)
  from space 512K, 34% used [0x00000000d6d00000,0x00000000d6d2c640,0x00000000d6d80000)
  to   space 512K, 0% used [0x00000000d6c80000,0x00000000d6c80000,0x00000000d6d00000)
 ParOldGen       total 68608K, used 52766K [0x0000000080000000, 0x0000000084300000, 0x00000000d5580000)
  object space 68608K, 76% used [0x0000000080000000,0x00000000833879a0,0x0000000084300000)
 Metaspace       used 65079K, committed 66624K, reserved 1114112K
  class space    used 8444K, committed 9088K, reserved 1048576K
}
Event: 14.731 GC heap before
{Heap before GC invocations=44 (full 3):
 PSYoungGen      total 18944K, used 18609K [0x00000000d5580000, 0x00000000d6d80000, 0x0000000100000000)
  eden space 18432K, 100% used [0x00000000d5580000,0x00000000d6780000,0x00000000d6780000)
  from space 512K, 34% used [0x00000000d6d00000,0x00000000d6d2c640,0x00000000d6d80000)
  to   space 512K, 0% used [0x00000000d6c80000,0x00000000d6c80000,0x00000000d6d00000)
 ParOldGen       total 68608K, used 52769K [0x0000000080000000, 0x0000000084300000, 0x00000000d5580000)
  object space 68608K, 76% used [0x0000000080000000,0x00000000833887d0,0x0000000084300000)
 Metaspace       used 65079K, committed 66624K, reserved 1114112K
  class space    used 8444K, committed 9088K, reserved 1048576K
}
Event: 14.732 GC heap after
{Heap after GC invocations=44 (full 3):
 PSYoungGen      total 18944K, used 492K [0x00000000d5580000, 0x00000000d6d80000, 0x0000000100000000)
  eden space 18432K, 0% used [0x00000000d5580000,0x00000000d5580000,0x00000000d6780000)
  from space 512K, 96% used [0x00000000d6c80000,0x00000000d6cfb150,0x00000000d6d00000)
  to   space 512K, 0% used [0x00000000d6d00000,0x00000000d6d00000,0x00000000d6d80000)
 ParOldGen       total 68608K, used 53505K [0x0000000080000000, 0x0000000084300000, 0x00000000d5580000)
  object space 68608K, 77% used [0x0000000080000000,0x0000000083440740,0x0000000084300000)
 Metaspace       used 65079K, committed 66624K, reserved 1114112K
  class space    used 8444K, committed 9088K, reserved 1048576K
}
Event: 14.854 GC heap before
{Heap before GC invocations=45 (full 3):
 PSYoungGen      total 18944K, used 18924K [0x00000000d5580000, 0x00000000d6d80000, 0x0000000100000000)
  eden space 18432K, 100% used [0x00000000d5580000,0x00000000d6780000,0x00000000d6780000)
  from space 512K, 96% used [0x00000000d6c80000,0x00000000d6cfb150,0x00000000d6d00000)
  to   space 512K, 0% used [0x00000000d6d00000,0x00000000d6d00000,0x00000000d6d80000)
 ParOldGen       total 68608K, used 53505K [0x0000000080000000, 0x0000000084300000, 0x00000000d5580000)
  object space 68608K, 77% used [0x0000000080000000,0x0000000083440740,0x0000000084300000)
 Metaspace       used 65079K, committed 66624K, reserved 1114112K
  class space    used 8444K, committed 9088K, reserved 1048576K
}
Event: 14.855 GC heap after
{Heap after GC invocations=45 (full 3):
 PSYoungGen      total 18944K, used 507K [0x00000000d5580000, 0x00000000d6d80000, 0x0000000100000000)
  eden space 18432K, 0% used [0x00000000d5580000,0x00000000d5580000,0x00000000d6780000)
  from space 512K, 99% used [0x00000000d6d00000,0x00000000d6d7ee40,0x00000000d6d80000)
  to   space 1536K, 0% used [0x00000000d6a80000,0x00000000d6a80000,0x00000000d6c00000)
 ParOldGen       total 68608K, used 54191K [0x0000000080000000, 0x0000000084300000, 0x00000000d5580000)
  object space 68608K, 78% used [0x0000000080000000,0x00000000834ebe68,0x0000000084300000)
 Metaspace       used 65079K, committed 66624K, reserved 1114112K
  class space    used 8444K, committed 9088K, reserved 1048576K
}
Event: 14.985 GC heap before
{Heap before GC invocations=46 (full 3):
 PSYoungGen      total 18944K, used 18939K [0x00000000d5580000, 0x00000000d6d80000, 0x0000000100000000)
  eden space 18432K, 100% used [0x00000000d5580000,0x00000000d6780000,0x00000000d6780000)
  from space 512K, 99% used [0x00000000d6d00000,0x00000000d6d7ee40,0x00000000d6d80000)
  to   space 1536K, 0% used [0x00000000d6a80000,0x00000000d6a80000,0x00000000d6c00000)
 ParOldGen       total 68608K, used 54191K [0x0000000080000000, 0x0000000084300000, 0x00000000d5580000)
  object space 68608K, 78% used [0x0000000080000000,0x00000000834ebe68,0x0000000084300000)
 Metaspace       used 65119K, committed 66624K, reserved 1114112K
  class space    used 8449K, committed 9088K, reserved 1048576K
}
Event: 14.986 GC heap after
{Heap after GC invocations=46 (full 3):
 PSYoungGen      total 19968K, used 836K [0x00000000d5580000, 0x00000000d6d80000, 0x0000000100000000)
  eden space 18432K, 0% used [0x00000000d5580000,0x00000000d5580000,0x00000000d6780000)
  from space 1536K, 54% used [0x00000000d6a80000,0x00000000d6b51178,0x00000000d6c00000)
  to   space 1024K, 0% used [0x00000000d6c80000,0x00000000d6c80000,0x00000000d6d80000)
 ParOldGen       total 68608K, used 54247K [0x0000000080000000, 0x0000000084300000, 0x00000000d5580000)
  object space 68608K, 79% used [0x0000000080000000,0x00000000834f9e68,0x0000000084300000)
 Metaspace       used 65119K, committed 66624K, reserved 1114112K
  class space    used 8449K, committed 9088K, reserved 1048576K
}
Event: 15.083 GC heap before
{Heap before GC invocations=47 (full 3):
 PSYoungGen      total 19968K, used 19268K [0x00000000d5580000, 0x00000000d6d80000, 0x0000000100000000)
  eden space 18432K, 100% used [0x00000000d5580000,0x00000000d6780000,0x00000000d6780000)
  from space 1536K, 54% used [0x00000000d6a80000,0x00000000d6b51178,0x00000000d6c00000)
  to   space 1024K, 0% used [0x00000000d6c80000,0x00000000d6c80000,0x00000000d6d80000)
 ParOldGen       total 68608K, used 54247K [0x0000000080000000, 0x0000000084300000, 0x00000000d5580000)
  object space 68608K, 79% used [0x0000000080000000,0x00000000834f9e68,0x0000000084300000)
 Metaspace       used 65119K, committed 66624K, reserved 1114112K
  class space    used 8449K, committed 9088K, reserved 1048576K
}
Event: 15.084 GC heap after
{Heap after GC invocations=47 (full 3):
 PSYoungGen      total 18944K, used 418K [0x00000000d5580000, 0x00000000d6d00000, 0x0000000100000000)
  eden space 18432K, 0% used [0x00000000d5580000,0x00000000d5580000,0x00000000d6780000)
  from space 512K, 81% used [0x00000000d6c80000,0x00000000d6ce88c8,0x00000000d6d00000)
  to   space 1024K, 0% used [0x00000000d6b00000,0x00000000d6b00000,0x00000000d6c00000)
 ParOldGen       total 68608K, used 54327K [0x0000000080000000, 0x0000000084300000, 0x00000000d5580000)
  object space 68608K, 79% used [0x0000000080000000,0x000000008350de68,0x0000000084300000)
 Metaspace       used 65119K, committed 66624K, reserved 1114112K
  class space    used 8449K, committed 9088K, reserved 1048576K
}
Event: 15.185 GC heap before
{Heap before GC invocations=48 (full 3):
 PSYoungGen      total 18944K, used 18850K [0x00000000d5580000, 0x00000000d6d00000, 0x0000000100000000)
  eden space 18432K, 100% used [0x00000000d5580000,0x00000000d6780000,0x00000000d6780000)
  from space 512K, 81% used [0x00000000d6c80000,0x00000000d6ce88c8,0x00000000d6d00000)
  to   space 1024K, 0% used [0x00000000d6b00000,0x00000000d6b00000,0x00000000d6c00000)
 ParOldGen       total 68608K, used 54327K [0x0000000080000000, 0x0000000084300000, 0x00000000d5580000)
  object space 68608K, 79% used [0x0000000080000000,0x000000008350de68,0x0000000084300000)
 Metaspace       used 65119K, committed 66624K, reserved 1114112K
  class space    used 8449K, committed 9088K, reserved 1048576K
}
Event: 15.186 GC heap after
{Heap after GC invocations=48 (full 3):
 PSYoungGen      total 19456K, used 354K [0x00000000d5580000, 0x00000000d6d00000, 0x0000000100000000)
  eden space 18432K, 0% used [0x00000000d5580000,0x00000000d5580000,0x00000000d6780000)
  from space 1024K, 34% used [0x00000000d6b00000,0x00000000d6b58ab8,0x00000000d6c00000)
  to   space 512K, 0% used [0x00000000d6c80000,0x00000000d6c80000,0x00000000d6d00000)
 ParOldGen       total 68608K, used 54411K [0x0000000080000000, 0x0000000084300000, 0x00000000d5580000)
  object space 68608K, 79% used [0x0000000080000000,0x0000000083522f38,0x0000000084300000)
 Metaspace       used 65119K, committed 66624K, reserved 1114112K
  class space    used 8449K, committed 9088K, reserved 1048576K
}
Event: 15.271 GC heap before
{Heap before GC invocations=49 (full 3):
 PSYoungGen      total 19456K, used 18786K [0x00000000d5580000, 0x00000000d6d00000, 0x0000000100000000)
  eden space 18432K, 100% used [0x00000000d5580000,0x00000000d6780000,0x00000000d6780000)
  from space 1024K, 34% used [0x00000000d6b00000,0x00000000d6b58ab8,0x00000000d6c00000)
  to   space 512K, 0% used [0x00000000d6c80000,0x00000000d6c80000,0x00000000d6d00000)
 ParOldGen       total 68608K, used 54411K [0x0000000080000000, 0x0000000084300000, 0x00000000d5580000)
  object space 68608K, 79% used [0x0000000080000000,0x0000000083522f38,0x0000000084300000)
 Metaspace       used 65119K, committed 66624K, reserved 1114112K
  class space    used 8449K, committed 9088K, reserved 1048576K
}
Event: 15.272 GC heap after
{Heap after GC invocations=49 (full 3):
 PSYoungGen      total 18944K, used 496K [0x00000000d5580000, 0x00000000d6d00000, 0x0000000100000000)
  eden space 18432K, 0% used [0x00000000d5580000,0x00000000d5580000,0x00000000d6780000)
  from space 512K, 96% used [0x00000000d6c80000,0x00000000d6cfc280,0x00000000d6d00000)
  to   space 1536K, 0% used [0x00000000d6a00000,0x00000000d6a00000,0x00000000d6b80000)
 ParOldGen       total 68608K, used 55078K [0x0000000080000000, 0x0000000084300000, 0x00000000d5580000)
  object space 68608K, 80% used [0x0000000080000000,0x00000000835c9ab8,0x0000000084300000)
 Metaspace       used 65119K, committed 66624K, reserved 1114112K
  class space    used 8449K, committed 9088K, reserved 1048576K
}
Event: 15.359 GC heap before
{Heap before GC invocations=50 (full 3):
 PSYoungGen      total 18944K, used 18928K [0x00000000d5580000, 0x00000000d6d00000, 0x0000000100000000)
  eden space 18432K, 100% used [0x00000000d5580000,0x00000000d6780000,0x00000000d6780000)
  from space 512K, 96% used [0x00000000d6c80000,0x00000000d6cfc280,0x00000000d6d00000)
  to   space 1536K, 0% used [0x00000000d6a00000,0x00000000d6a00000,0x00000000d6b80000)
 ParOldGen       total 68608K, used 55078K [0x0000000080000000, 0x0000000084300000, 0x00000000d5580000)
  object space 68608K, 80% used [0x0000000080000000,0x00000000835c9ab8,0x0000000084300000)
 Metaspace       used 65119K, committed 66624K, reserved 1114112K
  class space    used 8449K, committed 9088K, reserved 1048576K
}
Event: 15.360 GC heap after
{Heap after GC invocations=50 (full 3):
 PSYoungGen      total 19968K, used 1338K [0x00000000d5580000, 0x00000000d6d00000, 0x0000000100000000)
  eden space 18432K, 0% used [0x00000000d5580000,0x00000000d5580000,0x00000000d6780000)
  from space 1536K, 87% used [0x00000000d6a00000,0x00000000d6b4eae8,0x00000000d6b80000)
  to   space 1536K, 0% used [0x00000000d6b80000,0x00000000d6b80000,0x00000000d6d00000)
 ParOldGen       total 68608K, used 55142K [0x0000000080000000, 0x0000000084300000, 0x00000000d5580000)
  object space 68608K, 80% used [0x0000000080000000,0x00000000835d9ab8,0x0000000084300000)
 Metaspace       used 65119K, committed 66624K, reserved 1114112K
  class space    used 8449K, committed 9088K, reserved 1048576K
}
Event: 15.484 GC heap before
{Heap before GC invocations=51 (full 3):
 PSYoungGen      total 19968K, used 19770K [0x00000000d5580000, 0x00000000d6d00000, 0x0000000100000000)
  eden space 18432K, 100% used [0x00000000d5580000,0x00000000d6780000,0x00000000d6780000)
  from space 1536K, 87% used [0x00000000d6a00000,0x00000000d6b4eae8,0x00000000d6b80000)
  to   space 1536K, 0% used [0x00000000d6b80000,0x00000000d6b80000,0x00000000d6d00000)
 ParOldGen       total 68608K, used 55142K [0x0000000080000000, 0x0000000084300000, 0x00000000d5580000)
  object space 68608K, 80% used [0x0000000080000000,0x00000000835d9ab8,0x0000000084300000)
 Metaspace       used 65959K, committed 67456K, reserved 1114112K
  class space    used 8575K, committed 9216K, reserved 1048576K
}
Event: 15.485 GC heap after
{Heap after GC invocations=51 (full 3):
 PSYoungGen      total 18944K, used 352K [0x00000000d5580000, 0x00000000d6c00000, 0x0000000100000000)
  eden space 18432K, 0% used [0x00000000d5580000,0x00000000d5580000,0x00000000d6780000)
  from space 512K, 68% used [0x00000000d6b80000,0x00000000d6bd8000,0x00000000d6c00000)
  to   space 1024K, 0% used [0x00000000d6a00000,0x00000000d6a00000,0x00000000d6b00000)
 ParOldGen       total 68608K, used 55198K [0x0000000080000000, 0x0000000084300000, 0x00000000d5580000)
  object space 68608K, 80% used [0x0000000080000000,0x00000000835e7ab8,0x0000000084300000)
 Metaspace       used 65959K, committed 67456K, reserved 1114112K
  class space    used 8575K, committed 9216K, reserved 1048576K
}
Event: 16.542 GC heap before
{Heap before GC invocations=52 (full 3):
 PSYoungGen      total 18944K, used 18784K [0x00000000d5580000, 0x00000000d6c00000, 0x0000000100000000)
  eden space 18432K, 100% used [0x00000000d5580000,0x00000000d6780000,0x00000000d6780000)
  from space 512K, 68% used [0x00000000d6b80000,0x00000000d6bd8000,0x00000000d6c00000)
  to   space 1024K, 0% used [0x00000000d6a00000,0x00000000d6a00000,0x00000000d6b00000)
 ParOldGen       total 68608K, used 55198K [0x0000000080000000, 0x0000000084300000, 0x00000000d5580000)
  object space 68608K, 80% used [0x0000000080000000,0x00000000835e7ab8,0x0000000084300000)
 Metaspace       used 68170K, committed 69696K, reserved 1114112K
  class space    used 8897K, committed 9600K, reserved 1048576K
}
Event: 16.544 GC heap after
{Heap after GC invocations=52 (full 3):
 PSYoungGen      total 19456K, used 976K [0x00000000d5580000, 0x00000000d6c00000, 0x0000000100000000)
  eden space 18432K, 0% used [0x00000000d5580000,0x00000000d5580000,0x00000000d6780000)
  from space 1024K, 95% used [0x00000000d6a00000,0x00000000d6af4020,0x00000000d6b00000)
  to   space 1024K, 0% used [0x00000000d6b00000,0x00000000d6b00000,0x00000000d6c00000)
 ParOldGen       total 68608K, used 55485K [0x0000000080000000, 0x0000000084300000, 0x00000000d5580000)
  object space 68608K, 80% used [0x0000000080000000,0x000000008362f7c8,0x0000000084300000)
 Metaspace       used 68170K, committed 69696K, reserved 1114112K
  class space    used 8897K, committed 9600K, reserved 1048576K
}

