# JRE version: OpenJDK Runtime Environment Temurin-21.0.7+6 (21.0.7+6) (build 21.0.7+6-LTS)
# Java VM: OpenJDK 64-Bit Server VM Temurin-21.0.7+6 (21.0.7+6-LTS, mixed mode, sharing, tiered, compressed oops, compressed class ptrs, g1 gc, windows-amd64)
GC Precious Log:
 CardTable entry size: 512
 Card Set container configuration: InlinePtr #cards 4 size 8 Array Of Cards #cards 32 size 80 Howl #buckets 8 coarsen threshold 7372 Howl Bitmap #cards 1024 size 144 coarsen threshold 921 Card regions per heap region 1 cards per card region 8192
 CPUs: 8 total, 8 available
 Memory: 16315M
 Large Page Support: Disabled
 NUMA Support: Disabled
 Compressed Oops: Enabled (Zero based)
 Heap Region Size: 4M
 Heap Min Capacity: 8M
 Heap Initial Capacity: 256M
 Heap Max Capacity: 8G
 Pre-touch: Disabled
 Parallel Workers: 8
 Concurrent Workers: 2
 Concurrent Refinement Workers: 8
 Periodic GC: Disabled
Heap:
 garbage-first heap   total 557056K, used 373776K [0x0000000600000000, 0x0000000800000000)
  region size 4096K, 24 young (98304K), 5 survivors (20480K)
 Metaspace       used 111526K, committed 114496K, reserved 1179648K
  class space    used 15422K, committed 16832K, reserved 1048576K
GC Heap History (20 events):
Event: 45.131 GC heap before
{Heap before GC invocations=56 (full 0):
 garbage-first heap   total 348160K, used 277829K [0x0000000600000000, 0x0000000800000000)
  region size 4096K, 22 young (90112K), 3 survivors (12288K)
 Metaspace       used 107951K, committed 110656K, reserved 1179648K
  class space    used 15016K, committed 16384K, reserved 1048576K
}
Event: 45.142 GC heap after
{Heap after GC invocations=57 (full 0):
 garbage-first heap   total 462848K, used 206046K [0x0000000600000000, 0x0000000800000000)
  region size 4096K, 2 young (8192K), 2 survivors (8192K)
 Metaspace       used 107951K, committed 110656K, reserved 1179648K
  class space    used 15016K, committed 16384K, reserved 1048576K
}
Event: 47.892 GC heap before
{Heap before GC invocations=58 (full 0):
 garbage-first heap   total 462848K, used 365790K [0x0000000600000000, 0x0000000800000000)
  region size 4096K, 42 young (172032K), 2 survivors (8192K)
 Metaspace       used 108195K, committed 110912K, reserved 1179648K
  class space    used 15045K, committed 16384K, reserved 1048576K
}
Event: 47.904 GC heap after
{Heap after GC invocations=59 (full 0):
 garbage-first heap   total 462848K, used 218574K [0x0000000600000000, 0x0000000800000000)
  region size 4096K, 5 young (20480K), 5 survivors (20480K)
 Metaspace       used 108195K, committed 110912K, reserved 1179648K
  class space    used 15045K, committed 16384K, reserved 1048576K
}
Event: 48.919 GC heap before
{Heap before GC invocations=59 (full 0):
 garbage-first heap   total 462848K, used 390606K [0x0000000600000000, 0x0000000800000000)
  region size 4096K, 48 young (196608K), 5 survivors (20480K)
 Metaspace       used 108434K, committed 111232K, reserved 1179648K
  class space    used 15068K, committed 16448K, reserved 1048576K
}
Event: 48.940 GC heap after
{Heap after GC invocations=60 (full 0):
 garbage-first heap   total 462848K, used 226864K [0x0000000600000000, 0x0000000800000000)
  region size 4096K, 4 young (16384K), 4 survivors (16384K)
 Metaspace       used 108434K, committed 111232K, reserved 1179648K
  class space    used 15068K, committed 16448K, reserved 1048576K
}
Event: 50.380 GC heap before
{Heap before GC invocations=60 (full 0):
 garbage-first heap   total 462848K, used 398896K [0x0000000600000000, 0x0000000800000000)
  region size 4096K, 47 young (192512K), 4 survivors (16384K)
 Metaspace       used 108658K, committed 111488K, reserved 1179648K
  class space    used 15098K, committed 16512K, reserved 1048576K
}
Event: 50.392 GC heap after
{Heap after GC invocations=61 (full 0):
 garbage-first heap   total 462848K, used 234543K [0x0000000600000000, 0x0000000800000000)
  region size 4096K, 5 young (20480K), 5 survivors (20480K)
 Metaspace       used 108658K, committed 111488K, reserved 1179648K
  class space    used 15098K, committed 16512K, reserved 1048576K
}
Event: 51.322 GC heap before
{Heap before GC invocations=62 (full 0):
 garbage-first heap   total 462848K, used 406575K [0x0000000600000000, 0x0000000800000000)
  region size 4096K, 48 young (196608K), 5 survivors (20480K)
 Metaspace       used 108817K, committed 111680K, reserved 1179648K
  class space    used 15119K, committed 16512K, reserved 1048576K
}
Event: 51.344 GC heap after
{Heap after GC invocations=63 (full 0):
 garbage-first heap   total 462848K, used 239951K [0x0000000600000000, 0x0000000800000000)
  region size 4096K, 4 young (16384K), 4 survivors (16384K)
 Metaspace       used 108817K, committed 111680K, reserved 1179648K
  class space    used 15119K, committed 16512K, reserved 1048576K
}
Event: 52.425 GC heap before
{Heap before GC invocations=63 (full 0):
 garbage-first heap   total 462848K, used 411983K [0x0000000600000000, 0x0000000800000000)
  region size 4096K, 47 young (192512K), 4 survivors (16384K)
 Metaspace       used 109184K, committed 112064K, reserved 1179648K
  class space    used 15169K, committed 16576K, reserved 1048576K
}
Event: 52.444 GC heap after
{Heap after GC invocations=64 (full 0):
 garbage-first heap   total 462848K, used 247580K [0x0000000600000000, 0x0000000800000000)
  region size 4096K, 5 young (20480K), 5 survivors (20480K)
 Metaspace       used 109184K, committed 112064K, reserved 1179648K
  class space    used 15169K, committed 16576K, reserved 1048576K
}
Event: 57.958 GC heap before
{Heap before GC invocations=64 (full 0):
 garbage-first heap   total 462848K, used 411420K [0x0000000600000000, 0x0000000800000000)
  region size 4096K, 45 young (184320K), 5 survivors (20480K)
 Metaspace       used 110598K, committed 113472K, reserved 1179648K
  class space    used 15364K, committed 16768K, reserved 1048576K
}
Event: 57.985 GC heap after
{Heap after GC invocations=65 (full 0):
 garbage-first heap   total 557056K, used 258695K [0x0000000600000000, 0x0000000800000000)
  region size 4096K, 6 young (24576K), 6 survivors (24576K)
 Metaspace       used 110598K, committed 113472K, reserved 1179648K
  class space    used 15364K, committed 16768K, reserved 1048576K
}
Event: 60.407 GC heap before
{Heap before GC invocations=66 (full 0):
 garbage-first heap   total 557056K, used 492167K [0x0000000600000000, 0x0000000800000000)
  region size 4096K, 63 young (258048K), 6 survivors (24576K)
 Metaspace       used 111049K, committed 114048K, reserved 1179648K
  class space    used 15397K, committed 16832K, reserved 1048576K
}
Event: 60.450 GC heap after
{Heap after GC invocations=67 (full 0):
 garbage-first heap   total 557056K, used 275705K [0x0000000600000000, 0x0000000800000000)
  region size 4096K, 8 young (32768K), 8 survivors (32768K)
 Metaspace       used 111049K, committed 114048K, reserved 1179648K
  class space    used 15397K, committed 16832K, reserved 1048576K
}
Event: 62.078 GC heap before
{Heap before GC invocations=67 (full 0):
 garbage-first heap   total 557056K, used 488697K [0x0000000600000000, 0x0000000800000000)
  region size 4096K, 60 young (245760K), 8 survivors (32768K)
 Metaspace       used 111204K, committed 114176K, reserved 1179648K
  class space    used 15399K, committed 16832K, reserved 1048576K
}
Event: 62.122 GC heap after
{Heap after GC invocations=68 (full 0):
 garbage-first heap   total 557056K, used 285666K [0x0000000600000000, 0x0000000800000000)
  region size 4096K, 5 young (20480K), 5 survivors (20480K)
 Metaspace       used 111204K, committed 114176K, reserved 1179648K
  class space    used 15399K, committed 16832K, reserved 1048576K
}
Event: 64.272 GC heap before
{Heap before GC invocations=68 (full 0):
 garbage-first heap   total 557056K, used 494562K [0x0000000600000000, 0x0000000800000000)
  region size 4096K, 56 young (229376K), 5 survivors (20480K)
 Metaspace       used 111467K, committed 114432K, reserved 1179648K
  class space    used 15422K, committed 16832K, reserved 1048576K
}
Event: 64.300 GC heap after
{Heap after GC invocations=69 (full 0):
 garbage-first heap   total 557056K, used 300048K [0x0000000600000000, 0x0000000800000000)
  region size 4096K, 5 young (20480K), 5 survivors (20480K)
 Metaspace       used 111467K, committed 114432K, reserved 1179648K
  class space    used 15422K, committed 16832K, reserved 1048576K
}

